PACKAGE : package
IDENTIFIER : main
IMPORT : import
ERROR: Invalid input: "
IDENTIFIER : fmt
ERROR: Invalid input: "
FUNC : func
IDENTIFIER : main
OPEN_PARAN : (
CLOSE_PARAN : )
OPEN_CURLY : {
IDENTIFIER : s
COLON_EQUAL : :=
IDENTIFIER : make
OPEN_PARAN : (
OPEN_SQUARE : [
CLOSE_SQUARE : ]
IDENTIFIER : string
COMMA : ,
INT_LIT : 3
CLOSE_PARAN : )
IDENTIFIER : fmt
DOT : .
IDENTIFIER : Println
OPEN_PARAN : (
ERROR: Invalid input: "
IDENTIFIER : emp
COLON : :
ERROR: Invalid input: "
COMMA : ,
IDENTIFIER : s
CLOSE_PARAN : )
IDENTIFIER : s
OPEN_SQUARE : [
INT_LIT : 0
CLOSE_SQUARE : ]
EQUAL : =
ERROR: Invalid input: "
IDENTIFIER : a
ERROR: Invalid input: "
IDENTIFIER : s
OPEN_SQUARE : [
INT_LIT : 1
CLOSE_SQUARE : ]
EQUAL : =
ERROR: Invalid input: "
IDENTIFIER : b
ERROR: Invalid input: "
IDENTIFIER : s
OPEN_SQUARE : [
INT_LIT : 2
CLOSE_SQUARE : ]
EQUAL : =
ERROR: Invalid input: "
IDENTIFIER : c
ERROR: Invalid input: "
IDENTIFIER : s
DOT : .
IDENTIFIER : append
OPEN_PARAN : (
IDENTIFIER : s
COMMA : ,
ERROR: Invalid input: "
IDENTIFIER : e
ERROR: Invalid input: "
COMMA : ,
ERROR: Invalid input: "
IDENTIFIER : f
ERROR: Invalid input: "
CLOSE_PARAN : )
IDENTIFIER : l
COLON_EQUAL : :=
IDENTIFIER : s
OPEN_SQUARE : [
INT_LIT : 2
COLON : :
INT_LIT : 5
CLOSE_SQUARE : ]
IDENTIFIER : fmt
DOT : .
IDENTIFIER : Println
OPEN_PARAN : (
ERROR: Invalid input: "
IDENTIFIER : sl1
COLON : :
ERROR: Invalid input: "
COMMA : ,
IDENTIFIER : l
CLOSE_PARAN : )
IDENTIFIER : l
EQUAL : =
IDENTIFIER : s
OPEN_SQUARE : [
COLON : :
INT_LIT : 5
CLOSE_SQUARE : ]
IDENTIFIER : fmt
DOT : .
IDENTIFIER : Println
OPEN_PARAN : (
ERROR: Invalid input: "
IDENTIFIER : sl2
COLON : :
ERROR: Invalid input: "
COMMA : ,
IDENTIFIER : l
CLOSE_PARAN : )
IDENTIFIER : l
EQUAL : =
IDENTIFIER : s
OPEN_SQUARE : [
INT_LIT : 2
COLON : :
CLOSE_SQUARE : ]
IDENTIFIER : fmt
DOT : .
IDENTIFIER : Println
OPEN_PARAN : (
ERROR: Invalid input: "
IDENTIFIER : sl3
COLON : :
ERROR: Invalid input: "
COMMA : ,
IDENTIFIER : l
CLOSE_PARAN : )
IDENTIFIER : t
COLON_EQUAL : :=
OPEN_SQUARE : [
CLOSE_SQUARE : ]
IDENTIFIER : string
OPEN_CURLY : {
ERROR: Invalid input: "
IDENTIFIER : g
ERROR: Invalid input: "
COMMA : ,
ERROR: Invalid input: "
IDENTIFIER : h
ERROR: Invalid input: "
COMMA : ,
ERROR: Invalid input: "
IDENTIFIER : i
ERROR: Invalid input: "
CLOSE_CURLY : }
IDENTIFIER : fmt
DOT : .
IDENTIFIER : Println
OPEN_PARAN : (
ERROR: Invalid input: "
IDENTIFIER : dcl
COLON : :
ERROR: Invalid input: "
COMMA : ,
IDENTIFIER : t
CLOSE_PARAN : )
IDENTIFIER : twoD
COLON_EQUAL : :=
IDENTIFIER : make
OPEN_PARAN : (
OPEN_SQUARE : [
CLOSE_SQUARE : ]
OPEN_SQUARE : [
CLOSE_SQUARE : ]
IDENTIFIER : int
COMMA : ,
INT_LIT : 3
CLOSE_PARAN : )
IDENTIFIER : for
IDENTIFIER : i
COLON_EQUAL : :=
INT_LIT : 0
SEMI_COLON : ;
IDENTIFIER : i
REL_OP : <
EQUAL : =
INT_LIT : 2
SEMI_COLON : ;
IDENTIFIER : i
PLUS :+
PLUS :+
OPEN_CURLY : {
IDENTIFIER : innerLen
COLON_EQUAL : :=
IDENTIFIER : i
PLUS :+
INT_LIT : 1
IDENTIFIER : twoD
OPEN_SQUARE : [
IDENTIFIER : i
CLOSE_SQUARE : ]
EQUAL : =
IDENTIFIER : make
OPEN_PARAN : (
OPEN_SQUARE : [
CLOSE_SQUARE : ]
IDENTIFIER : int
COMMA : ,
IDENTIFIER : innerLen
CLOSE_PARAN : )
IDENTIFIER : for
IDENTIFIER : j
COLON_EQUAL : :=
INT_LIT : 0
SEMI_COLON : ;
IDENTIFIER : j
REL_OP : <
IDENTIFIER : innerLen
SEMI_COLON : ;
IDENTIFIER : j
PLUS :+
PLUS :+
OPEN_CURLY : {
IDENTIFIER : twoD
OPEN_SQUARE : [
IDENTIFIER : i
CLOSE_SQUARE : ]
OPEN_SQUARE : [
IDENTIFIER : j
CLOSE_SQUARE : ]
EQUAL : =
IDENTIFIER : i
PLUS :+
IDENTIFIER : j
CLOSE_CURLY : }
CLOSE_CURLY : }
IDENTIFIER : fmt
DOT : .
IDENTIFIER : Println
OPEN_PARAN : (
ERROR: Invalid input: "
INT_LIT : 2
IDENTIFIER : d
COLON : :
ERROR: Invalid input: "
COMMA : ,
IDENTIFIER : twoD
CLOSE_PARAN : )
CLOSE_CURLY : }
EOF: Done
